2019-03-04T02:22:15+00:00 Mathews-MBP-2.home#00 I: Runner: processes
2019-03-04T02:22:15+00:00 Mathews-MBP-2.home#00 I: Chooser: simple
2019-03-04T02:22:15+00:00 Mathews-MBP-2.home#00 I: Configuration suite_name = "suite"
2019-03-04T02:22:15+00:00 Mathews-MBP-2.home#00 I: Configuration cache_filename = "/Users/mathewseedhom/Desktop/Computer Science/CS 496/hw3/_build/oUnit-$(suite_name).cache"
2019-03-04T02:22:15+00:00 Mathews-MBP-2.home#00 I: Configuration display = "true"
2019-03-04T02:22:15+00:00 Mathews-MBP-2.home#00 I: Configuration results_style_1_X = "false"
2019-03-04T02:22:15+00:00 Mathews-MBP-2.home#00 I: Configuration verbose = "false"
2019-03-04T02:22:15+00:00 Mathews-MBP-2.home#00 I: Configuration health_check_interval = "1."
2019-03-04T02:22:15+00:00 Mathews-MBP-2.home#00 I: Configuration testdata_dir = "none"
2019-03-04T02:22:15+00:00 Mathews-MBP-2.home#00 I: Configuration chooser = "simple"
2019-03-04T02:22:15+00:00 Mathews-MBP-2.home#00 I: Configuration output_html_dir = "none"
2019-03-04T02:22:15+00:00 Mathews-MBP-2.home#00 I: Configuration processes_kill_period = "5."
2019-03-04T02:22:15+00:00 Mathews-MBP-2.home#00 I: Configuration runner = "processes"
2019-03-04T02:22:15+00:00 Mathews-MBP-2.home#00 I: Configuration shards = "2"
2019-03-04T02:22:15+00:00 Mathews-MBP-2.home#00 I: Configuration processes_grace_period = "5."
2019-03-04T02:22:15+00:00 Mathews-MBP-2.home#00 I: Configuration log_encoding = "utf-8"
2019-03-04T02:22:15+00:00 Mathews-MBP-2.home#00 I: Configuration output_junit_file = "none"
2019-03-04T02:22:15+00:00 Mathews-MBP-2.home#00 I: Configuration output_file = "/Users/mathewseedhom/Desktop/Computer Science/CS 496/hw3/_build/oUnit-$(suite_name)-$(shard_id).log"
2019-03-04T02:22:15+00:00 Mathews-MBP-2.home#00 I: Using 2 workers maximum.
2019-03-04T02:22:15+00:00 Mathews-MBP-2.home#00 I: Starting worker number Mathews-MBP-2.home#01.
2019-03-04T02:22:15+00:00 Mathews-MBP-2.home#00 I: Worker Mathews-MBP-2.home#01 started.
2019-03-04T02:22:15+00:00 Mathews-MBP-2.home#00 I: Starting worker number Mathews-MBP-2.home#02.
2019-03-04T02:22:15+00:00 Mathews-MBP-2.home#00 I: Worker Mathews-MBP-2.home#02 started.
2019-03-04T02:22:15+00:00 Mathews-MBP-2.home#00 I: 2 tests running: suite:1:abs_pos, suite:0:abs_0.
2019-03-04T02:22:15+00:00 Mathews-MBP-2.home#01 I: Start test suite:0:abs_0.
2019-03-04T02:22:15+00:00 Mathews-MBP-2.home#00 I: 2 tests running: suite:1:abs_pos, suite:0:abs_0.
2019-03-04T02:22:15+00:00 Mathews-MBP-2.home#01 I: Test suite:0:abs_0 is successful.
2019-03-04T02:22:15+00:00 Mathews-MBP-2.home#00 I: 2 tests running: suite:1:abs_pos, suite:0:abs_0.
2019-03-04T02:22:15+00:00 Mathews-MBP-2.home#01 I: End test suite:0:abs_0.
2019-03-04T02:22:15+00:00 Mathews-MBP-2.home#00 I: 2 tests running: suite:1:abs_pos, suite:0:abs_0.
2019-03-04T02:22:15+00:00 Mathews-MBP-2.home#00 I: 2 tests running: suite:2:abs_neg, suite:1:abs_pos.
2019-03-04T02:22:15+00:00 Mathews-MBP-2.home#01 I: Start test suite:2:abs_neg.
2019-03-04T02:22:15+00:00 Mathews-MBP-2.home#00 I: 2 tests running: suite:2:abs_neg, suite:1:abs_pos.
2019-03-04T02:22:15+00:00 Mathews-MBP-2.home#02 I: Start test suite:1:abs_pos.
2019-03-04T02:22:15+00:00 Mathews-MBP-2.home#00 I: 2 tests running: suite:2:abs_neg, suite:1:abs_pos.
2019-03-04T02:22:15+00:00 Mathews-MBP-2.home#01 I: Test suite:2:abs_neg is successful.
2019-03-04T02:22:15+00:00 Mathews-MBP-2.home#00 I: 2 tests running: suite:2:abs_neg, suite:1:abs_pos.
2019-03-04T02:22:15+00:00 Mathews-MBP-2.home#01 I: End test suite:2:abs_neg.
2019-03-04T02:22:15+00:00 Mathews-MBP-2.home#00 I: 2 tests running: suite:2:abs_neg, suite:1:abs_pos.
2019-03-04T02:22:15+00:00 Mathews-MBP-2.home#00 I: 2 tests running: suite:3:add, suite:1:abs_pos.
2019-03-04T02:22:15+00:00 Mathews-MBP-2.home#01 I: Start test suite:3:add.
2019-03-04T02:22:15+00:00 Mathews-MBP-2.home#00 I: 2 tests running: suite:3:add, suite:1:abs_pos.
2019-03-04T02:22:15+00:00 Mathews-MBP-2.home#02 I: Test suite:1:abs_pos is successful.
2019-03-04T02:22:15+00:00 Mathews-MBP-2.home#00 I: 2 tests running: suite:3:add, suite:1:abs_pos.
2019-03-04T02:22:15+00:00 Mathews-MBP-2.home#02 I: End test suite:1:abs_pos.
2019-03-04T02:22:15+00:00 Mathews-MBP-2.home#00 I: 2 tests running: suite:3:add, suite:1:abs_pos.
2019-03-04T02:22:15+00:00 Mathews-MBP-2.home#00 I: 2 tests running: suite:4:adds, suite:3:add.
2019-03-04T02:22:15+00:00 Mathews-MBP-2.home#02 I: Start test suite:4:adds.
2019-03-04T02:22:15+00:00 Mathews-MBP-2.home#00 I: 2 tests running: suite:4:adds, suite:3:add.
2019-03-04T02:22:15+00:00 Mathews-MBP-2.home#01 I: Test suite:3:add is successful.
2019-03-04T02:22:15+00:00 Mathews-MBP-2.home#00 I: 2 tests running: suite:4:adds, suite:3:add.
2019-03-04T02:22:15+00:00 Mathews-MBP-2.home#01 I: End test suite:3:add.
2019-03-04T02:22:15+00:00 Mathews-MBP-2.home#00 I: 2 tests running: suite:4:adds, suite:3:add.
2019-03-04T02:22:15+00:00 Mathews-MBP-2.home#00 I: 2 tests running: suite:5:subs, suite:4:adds.
2019-03-04T02:22:15+00:00 Mathews-MBP-2.home#01 I: Start test suite:5:subs.
2019-03-04T02:22:15+00:00 Mathews-MBP-2.home#00 I: 2 tests running: suite:5:subs, suite:4:adds.
2019-03-04T02:22:15+00:00 Mathews-MBP-2.home#02 I: Test suite:4:adds is successful.
2019-03-04T02:22:15+00:00 Mathews-MBP-2.home#00 I: 2 tests running: suite:5:subs, suite:4:adds.
2019-03-04T02:22:15+00:00 Mathews-MBP-2.home#02 I: End test suite:4:adds.
2019-03-04T02:22:15+00:00 Mathews-MBP-2.home#00 I: 2 tests running: suite:5:subs, suite:4:adds.
2019-03-04T02:22:15+00:00 Mathews-MBP-2.home#00 I: 2 tests running: suite:6:mults, suite:5:subs.
2019-03-04T02:22:15+00:00 Mathews-MBP-2.home#02 I: Start test suite:6:mults.
2019-03-04T02:22:15+00:00 Mathews-MBP-2.home#00 I: 2 tests running: suite:6:mults, suite:5:subs.
2019-03-04T02:22:15+00:00 Mathews-MBP-2.home#01 I: Test suite:5:subs is successful.
2019-03-04T02:22:15+00:00 Mathews-MBP-2.home#00 I: 2 tests running: suite:6:mults, suite:5:subs.
2019-03-04T02:22:15+00:00 Mathews-MBP-2.home#01 I: End test suite:5:subs.
2019-03-04T02:22:15+00:00 Mathews-MBP-2.home#00 I: 2 tests running: suite:6:mults, suite:5:subs.
2019-03-04T02:22:15+00:00 Mathews-MBP-2.home#00 I: 2 tests running: suite:7:divs, suite:6:mults.
2019-03-04T02:22:15+00:00 Mathews-MBP-2.home#01 I: Start test suite:7:divs.
2019-03-04T02:22:15+00:00 Mathews-MBP-2.home#00 I: 2 tests running: suite:7:divs, suite:6:mults.
2019-03-04T02:22:15+00:00 Mathews-MBP-2.home#02 I: Test suite:6:mults is successful.
2019-03-04T02:22:15+00:00 Mathews-MBP-2.home#00 I: 2 tests running: suite:7:divs, suite:6:mults.
2019-03-04T02:22:15+00:00 Mathews-MBP-2.home#02 I: End test suite:6:mults.
2019-03-04T02:22:15+00:00 Mathews-MBP-2.home#00 I: 2 tests running: suite:7:divs, suite:6:mults.
2019-03-04T02:22:15+00:00 Mathews-MBP-2.home#00 I: 2 tests running: suite:8:let, suite:7:divs.
2019-03-04T02:22:15+00:00 Mathews-MBP-2.home#02 I: Start test suite:8:let.
2019-03-04T02:22:15+00:00 Mathews-MBP-2.home#00 I: 2 tests running: suite:8:let, suite:7:divs.
2019-03-04T02:22:15+00:00 Mathews-MBP-2.home#01 I: Test suite:7:divs is successful.
2019-03-04T02:22:15+00:00 Mathews-MBP-2.home#00 I: 2 tests running: suite:8:let, suite:7:divs.
2019-03-04T02:22:15+00:00 Mathews-MBP-2.home#01 I: End test suite:7:divs.
2019-03-04T02:22:15+00:00 Mathews-MBP-2.home#00 I: 2 tests running: suite:8:let, suite:7:divs.
2019-03-04T02:22:15+00:00 Mathews-MBP-2.home#00 I: 2 tests running: suite:9:lets, suite:8:let.
2019-03-04T02:22:15+00:00 Mathews-MBP-2.home#01 I: Start test suite:9:lets.
2019-03-04T02:22:15+00:00 Mathews-MBP-2.home#00 I: 2 tests running: suite:9:lets, suite:8:let.
2019-03-04T02:22:15+00:00 Mathews-MBP-2.home#02 I: Test suite:8:let is successful.
2019-03-04T02:22:15+00:00 Mathews-MBP-2.home#00 I: 2 tests running: suite:9:lets, suite:8:let.
2019-03-04T02:22:15+00:00 Mathews-MBP-2.home#02 I: End test suite:8:let.
2019-03-04T02:22:15+00:00 Mathews-MBP-2.home#00 I: 2 tests running: suite:9:lets, suite:8:let.
2019-03-04T02:22:15+00:00 Mathews-MBP-2.home#00 I: 2 tests running: suite:10:emptylist, suite:9:lets.
2019-03-04T02:22:15+00:00 Mathews-MBP-2.home#02 I: Start test suite:10:emptylist.
2019-03-04T02:22:15+00:00 Mathews-MBP-2.home#00 I: 2 tests running: suite:10:emptylist, suite:9:lets.
2019-03-04T02:22:15+00:00 Mathews-MBP-2.home#01 I: Test suite:9:lets is successful.
2019-03-04T02:22:15+00:00 Mathews-MBP-2.home#00 I: 2 tests running: suite:10:emptylist, suite:9:lets.
2019-03-04T02:22:15+00:00 Mathews-MBP-2.home#01 I: End test suite:9:lets.
2019-03-04T02:22:15+00:00 Mathews-MBP-2.home#00 I: 2 tests running: suite:10:emptylist, suite:9:lets.
2019-03-04T02:22:15+00:00 Mathews-MBP-2.home#00 I: 2 tests running: suite:11:cons_singleton, suite:10:emptylist.
2019-03-04T02:22:15+00:00 Mathews-MBP-2.home#01 I: Start test suite:11:cons_singleton.
2019-03-04T02:22:15+00:00 Mathews-MBP-2.home#00 I: 2 tests running: suite:11:cons_singleton, suite:10:emptylist.
2019-03-04T02:22:15+00:00 Mathews-MBP-2.home#02 I: Test suite:10:emptylist is successful.
2019-03-04T02:22:15+00:00 Mathews-MBP-2.home#00 I: 2 tests running: suite:11:cons_singleton, suite:10:emptylist.
2019-03-04T02:22:15+00:00 Mathews-MBP-2.home#02 I: End test suite:10:emptylist.
2019-03-04T02:22:15+00:00 Mathews-MBP-2.home#00 I: 2 tests running: suite:11:cons_singleton, suite:10:emptylist.
2019-03-04T02:22:15+00:00 Mathews-MBP-2.home#00 I: 2 tests running: suite:12:cons_list, suite:11:cons_singleton.
2019-03-04T02:22:15+00:00 Mathews-MBP-2.home#02 I: Start test suite:12:cons_list.
2019-03-04T02:22:15+00:00 Mathews-MBP-2.home#00 I: 2 tests running: suite:12:cons_list, suite:11:cons_singleton.
2019-03-04T02:22:15+00:00 Mathews-MBP-2.home#01 I: Test suite:11:cons_singleton is successful.
2019-03-04T02:22:15+00:00 Mathews-MBP-2.home#00 I: 2 tests running: suite:12:cons_list, suite:11:cons_singleton.
2019-03-04T02:22:15+00:00 Mathews-MBP-2.home#01 I: End test suite:11:cons_singleton.
2019-03-04T02:22:15+00:00 Mathews-MBP-2.home#00 I: 2 tests running: suite:12:cons_list, suite:11:cons_singleton.
2019-03-04T02:22:15+00:00 Mathews-MBP-2.home#00 I: 2 tests running: suite:13:hd_singleton, suite:12:cons_list.
2019-03-04T02:22:15+00:00 Mathews-MBP-2.home#01 I: Start test suite:13:hd_singleton.
2019-03-04T02:22:15+00:00 Mathews-MBP-2.home#00 I: 2 tests running: suite:13:hd_singleton, suite:12:cons_list.
2019-03-04T02:22:15+00:00 Mathews-MBP-2.home#02 I: Test suite:12:cons_list is successful.
2019-03-04T02:22:15+00:00 Mathews-MBP-2.home#00 I: 2 tests running: suite:13:hd_singleton, suite:12:cons_list.
2019-03-04T02:22:15+00:00 Mathews-MBP-2.home#02 I: End test suite:12:cons_list.
2019-03-04T02:22:15+00:00 Mathews-MBP-2.home#00 I: 2 tests running: suite:13:hd_singleton, suite:12:cons_list.
2019-03-04T02:22:15+00:00 Mathews-MBP-2.home#00 I: 2 tests running: suite:14:hd_list, suite:13:hd_singleton.
2019-03-04T02:22:15+00:00 Mathews-MBP-2.home#02 I: Start test suite:14:hd_list.
2019-03-04T02:22:15+00:00 Mathews-MBP-2.home#00 I: 2 tests running: suite:14:hd_list, suite:13:hd_singleton.
2019-03-04T02:22:15+00:00 Mathews-MBP-2.home#01 I: Test suite:13:hd_singleton is successful.
2019-03-04T02:22:15+00:00 Mathews-MBP-2.home#00 I: 2 tests running: suite:14:hd_list, suite:13:hd_singleton.
2019-03-04T02:22:15+00:00 Mathews-MBP-2.home#01 I: End test suite:13:hd_singleton.
2019-03-04T02:22:15+00:00 Mathews-MBP-2.home#00 I: 2 tests running: suite:14:hd_list, suite:13:hd_singleton.
2019-03-04T02:22:15+00:00 Mathews-MBP-2.home#00 I: 2 tests running: suite:15:tl_singleton, suite:14:hd_list.
2019-03-04T02:22:15+00:00 Mathews-MBP-2.home#01 I: Start test suite:15:tl_singleton.
2019-03-04T02:22:15+00:00 Mathews-MBP-2.home#00 I: 2 tests running: suite:15:tl_singleton, suite:14:hd_list.
2019-03-04T02:22:15+00:00 Mathews-MBP-2.home#02 I: Test suite:14:hd_list is successful.
2019-03-04T02:22:15+00:00 Mathews-MBP-2.home#00 I: 2 tests running: suite:15:tl_singleton, suite:14:hd_list.
2019-03-04T02:22:15+00:00 Mathews-MBP-2.home#02 I: End test suite:14:hd_list.
2019-03-04T02:22:15+00:00 Mathews-MBP-2.home#00 I: 2 tests running: suite:15:tl_singleton, suite:14:hd_list.
2019-03-04T02:22:15+00:00 Mathews-MBP-2.home#00 I: 2 tests running: suite:16:tl_list1, suite:15:tl_singleton.
2019-03-04T02:22:15+00:00 Mathews-MBP-2.home#02 I: Start test suite:16:tl_list1.
2019-03-04T02:22:15+00:00 Mathews-MBP-2.home#00 I: 2 tests running: suite:16:tl_list1, suite:15:tl_singleton.
2019-03-04T02:22:15+00:00 Mathews-MBP-2.home#01 I: Test suite:15:tl_singleton is successful.
2019-03-04T02:22:15+00:00 Mathews-MBP-2.home#00 I: 2 tests running: suite:16:tl_list1, suite:15:tl_singleton.
2019-03-04T02:22:15+00:00 Mathews-MBP-2.home#01 I: End test suite:15:tl_singleton.
2019-03-04T02:22:15+00:00 Mathews-MBP-2.home#00 I: 2 tests running: suite:16:tl_list1, suite:15:tl_singleton.
2019-03-04T02:22:15+00:00 Mathews-MBP-2.home#00 I: 2 tests running: suite:17:tl_list1, suite:16:tl_list1.
2019-03-04T02:22:15+00:00 Mathews-MBP-2.home#01 I: Start test suite:17:tl_list1.
2019-03-04T02:22:15+00:00 Mathews-MBP-2.home#00 I: 2 tests running: suite:17:tl_list1, suite:16:tl_list1.
2019-03-04T02:22:15+00:00 Mathews-MBP-2.home#02 I: Test suite:16:tl_list1 is successful.
2019-03-04T02:22:15+00:00 Mathews-MBP-2.home#00 I: 2 tests running: suite:17:tl_list1, suite:16:tl_list1.
2019-03-04T02:22:15+00:00 Mathews-MBP-2.home#02 I: End test suite:16:tl_list1.
2019-03-04T02:22:15+00:00 Mathews-MBP-2.home#00 I: 2 tests running: suite:17:tl_list1, suite:16:tl_list1.
2019-03-04T02:22:15+00:00 Mathews-MBP-2.home#00 I: 2 tests running: suite:18:null_true, suite:17:tl_list1.
2019-03-04T02:22:15+00:00 Mathews-MBP-2.home#02 I: Start test suite:18:null_true.
2019-03-04T02:22:15+00:00 Mathews-MBP-2.home#00 I: 2 tests running: suite:18:null_true, suite:17:tl_list1.
2019-03-04T02:22:15+00:00 Mathews-MBP-2.home#01 I: Test suite:17:tl_list1 is successful.
2019-03-04T02:22:15+00:00 Mathews-MBP-2.home#00 I: 2 tests running: suite:18:null_true, suite:17:tl_list1.
2019-03-04T02:22:15+00:00 Mathews-MBP-2.home#01 I: End test suite:17:tl_list1.
2019-03-04T02:22:15+00:00 Mathews-MBP-2.home#00 I: 2 tests running: suite:18:null_true, suite:17:tl_list1.
2019-03-04T02:22:15+00:00 Mathews-MBP-2.home#00 I: Still 2 tests running : suite:19:null_false, suite:18:null_true.
2019-03-04T02:22:15+00:00 Mathews-MBP-2.home#00 I: 2 tests running: suite:19:null_false, suite:18:null_true.
2019-03-04T02:22:15+00:00 Mathews-MBP-2.home#01 I: Start test suite:19:null_false.
2019-03-04T02:22:15+00:00 Mathews-MBP-2.home#00 I: Still 2 tests running : suite:19:null_false, suite:18:null_true.
2019-03-04T02:22:15+00:00 Mathews-MBP-2.home#00 I: 2 tests running: suite:19:null_false, suite:18:null_true.
2019-03-04T02:22:15+00:00 Mathews-MBP-2.home#02 I: Test suite:18:null_true is successful.
2019-03-04T02:22:15+00:00 Mathews-MBP-2.home#00 I: Still 2 tests running : suite:19:null_false, suite:18:null_true.
2019-03-04T02:22:15+00:00 Mathews-MBP-2.home#00 I: 2 tests running: suite:19:null_false, suite:18:null_true.
2019-03-04T02:22:15+00:00 Mathews-MBP-2.home#02 I: End test suite:18:null_true.
2019-03-04T02:22:15+00:00 Mathews-MBP-2.home#00 I: Still 2 tests running : suite:19:null_false, suite:18:null_true.
2019-03-04T02:22:15+00:00 Mathews-MBP-2.home#00 I: 2 tests running: suite:19:null_false, suite:18:null_true.
2019-03-04T02:22:15+00:00 Mathews-MBP-2.home#00 I: Still 1 tests running : suite:19:null_false.
2019-03-04T02:22:15+00:00 Mathews-MBP-2.home#00 I: 1 tests running: suite:19:null_false.
2019-03-04T02:22:15+00:00 Mathews-MBP-2.home#01 I: Test suite:19:null_false is successful.
2019-03-04T02:22:15+00:00 Mathews-MBP-2.home#00 I: Still 1 tests running : suite:19:null_false.
2019-03-04T02:22:15+00:00 Mathews-MBP-2.home#00 I: 1 tests running: suite:19:null_false.
2019-03-04T02:22:15+00:00 Mathews-MBP-2.home#01 I: End test suite:19:null_false.
2019-03-04T02:22:15+00:00 Mathews-MBP-2.home#00 I: Still 1 tests running : suite:19:null_false.
2019-03-04T02:22:15+00:00 Mathews-MBP-2.home#00 I: 1 tests running: suite:19:null_false.
2019-03-04T02:22:15+00:00 Mathews-MBP-2.home#00 I: 0 tests running: .
2019-03-04T02:22:15+00:00 Mathews-MBP-2.home#00 I: Worker Mathews-MBP-2.home#02 has ended.
2019-03-04T02:22:15+00:00 Mathews-MBP-2.home#00 I: 0 tests running: .
2019-03-04T02:22:15+00:00 Mathews-MBP-2.home#00 I: Worker Mathews-MBP-2.home#01 has ended.
2019-03-04T02:22:15+00:00 Mathews-MBP-2.home#00 I: Used 2 worker during test execution.
2019-03-04T02:22:15+00:00 Mathews-MBP-2.home#00 I: Run 11 tests with shard Mathews-MBP-2.home#01.
2019-03-04T02:22:15+00:00 Mathews-MBP-2.home#00 I: Run 9 tests with shard Mathews-MBP-2.home#02.
2019-03-04T02:22:15+00:00 Mathews-MBP-2.home#00 I: ==============
2019-03-04T02:22:15+00:00 Mathews-MBP-2.home#00 I: Summary:
2019-03-04T02:22:15+00:00 Mathews-MBP-2.home#00 I: Test suite:19:null_false is successful.
2019-03-04T02:22:15+00:00 Mathews-MBP-2.home#00 I: Test suite:18:null_true is successful.
2019-03-04T02:22:15+00:00 Mathews-MBP-2.home#00 I: Test suite:17:tl_list1 is successful.
2019-03-04T02:22:15+00:00 Mathews-MBP-2.home#00 I: Test suite:16:tl_list1 is successful.
2019-03-04T02:22:15+00:00 Mathews-MBP-2.home#00 I: Test suite:15:tl_singleton is successful.
2019-03-04T02:22:15+00:00 Mathews-MBP-2.home#00 I: Test suite:14:hd_list is successful.
2019-03-04T02:22:15+00:00 Mathews-MBP-2.home#00 I: Test suite:13:hd_singleton is successful.
2019-03-04T02:22:15+00:00 Mathews-MBP-2.home#00 I: Test suite:12:cons_list is successful.
2019-03-04T02:22:15+00:00 Mathews-MBP-2.home#00 I: Test suite:11:cons_singleton is successful.
2019-03-04T02:22:15+00:00 Mathews-MBP-2.home#00 I: Test suite:10:emptylist is successful.
2019-03-04T02:22:15+00:00 Mathews-MBP-2.home#00 I: Test suite:9:lets is successful.
2019-03-04T02:22:15+00:00 Mathews-MBP-2.home#00 I: Test suite:8:let is successful.
2019-03-04T02:22:15+00:00 Mathews-MBP-2.home#00 I: Test suite:7:divs is successful.
2019-03-04T02:22:15+00:00 Mathews-MBP-2.home#00 I: Test suite:6:mults is successful.
2019-03-04T02:22:15+00:00 Mathews-MBP-2.home#00 I: Test suite:5:subs is successful.
2019-03-04T02:22:15+00:00 Mathews-MBP-2.home#00 I: Test suite:4:adds is successful.
2019-03-04T02:22:15+00:00 Mathews-MBP-2.home#00 I: Test suite:3:add is successful.
2019-03-04T02:22:15+00:00 Mathews-MBP-2.home#00 I: Test suite:1:abs_pos is successful.
2019-03-04T02:22:15+00:00 Mathews-MBP-2.home#00 I: Test suite:2:abs_neg is successful.
2019-03-04T02:22:15+00:00 Mathews-MBP-2.home#00 I: Test suite:0:abs_0 is successful.
2019-03-04T02:22:15+00:00 Mathews-MBP-2.home#00 I: Ran: 20 tests in: 0.12 seconds.
2019-03-04T02:22:15+00:00 Mathews-MBP-2.home#00 I: Cases: 20.
2019-03-04T02:22:15+00:00 Mathews-MBP-2.home#00 I: Tried: 20.
2019-03-04T02:22:15+00:00 Mathews-MBP-2.home#00 I: Errors: 0.
2019-03-04T02:22:15+00:00 Mathews-MBP-2.home#00 I: Failures: 0.
2019-03-04T02:22:15+00:00 Mathews-MBP-2.home#00 I: Skip: 0.
2019-03-04T02:22:15+00:00 Mathews-MBP-2.home#00 I: Todo: 0.
2019-03-04T02:22:15+00:00 Mathews-MBP-2.home#00 I: Timeout: 0.
