2019-03-04T02:22:15+00:00 Mathews-MBP-2.home#02 I: Start test suite:1:abs_pos.
2019-03-04T02:22:15+00:00 Mathews-MBP-2.home#02 I: Test suite:1:abs_pos is successful.
2019-03-04T02:22:15+00:00 Mathews-MBP-2.home#02 I: End test suite:1:abs_pos.
2019-03-04T02:22:15+00:00 Mathews-MBP-2.home#02 I: Start test suite:4:adds.
2019-03-04T02:22:15+00:00 Mathews-MBP-2.home#02 I: Test suite:4:adds is successful.
2019-03-04T02:22:15+00:00 Mathews-MBP-2.home#02 I: End test suite:4:adds.
2019-03-04T02:22:15+00:00 Mathews-MBP-2.home#02 I: Start test suite:6:mults.
2019-03-04T02:22:15+00:00 Mathews-MBP-2.home#02 I: Test suite:6:mults is successful.
2019-03-04T02:22:15+00:00 Mathews-MBP-2.home#02 I: End test suite:6:mults.
2019-03-04T02:22:15+00:00 Mathews-MBP-2.home#02 I: Start test suite:8:let.
2019-03-04T02:22:15+00:00 Mathews-MBP-2.home#02 I: Test suite:8:let is successful.
2019-03-04T02:22:15+00:00 Mathews-MBP-2.home#02 I: End test suite:8:let.
2019-03-04T02:22:15+00:00 Mathews-MBP-2.home#02 I: Start test suite:10:emptylist.
2019-03-04T02:22:15+00:00 Mathews-MBP-2.home#02 I: Test suite:10:emptylist is successful.
2019-03-04T02:22:15+00:00 Mathews-MBP-2.home#02 I: End test suite:10:emptylist.
2019-03-04T02:22:15+00:00 Mathews-MBP-2.home#02 I: Start test suite:12:cons_list.
2019-03-04T02:22:15+00:00 Mathews-MBP-2.home#02 I: Test suite:12:cons_list is successful.
2019-03-04T02:22:15+00:00 Mathews-MBP-2.home#02 I: End test suite:12:cons_list.
2019-03-04T02:22:15+00:00 Mathews-MBP-2.home#02 I: Start test suite:14:hd_list.
2019-03-04T02:22:15+00:00 Mathews-MBP-2.home#02 I: Test suite:14:hd_list is successful.
2019-03-04T02:22:15+00:00 Mathews-MBP-2.home#02 I: End test suite:14:hd_list.
2019-03-04T02:22:15+00:00 Mathews-MBP-2.home#02 I: Start test suite:16:tl_list1.
2019-03-04T02:22:15+00:00 Mathews-MBP-2.home#02 I: Test suite:16:tl_list1 is successful.
2019-03-04T02:22:15+00:00 Mathews-MBP-2.home#02 I: End test suite:16:tl_list1.
2019-03-04T02:22:15+00:00 Mathews-MBP-2.home#02 I: Start test suite:18:null_true.
2019-03-04T02:22:15+00:00 Mathews-MBP-2.home#02 I: Test suite:18:null_true is successful.
2019-03-04T02:22:15+00:00 Mathews-MBP-2.home#02 I: End test suite:18:null_true.
