2019-03-04T02:22:15+00:00 Mathews-MBP-2.home#01 I: Start test suite:0:abs_0.
2019-03-04T02:22:15+00:00 Mathews-MBP-2.home#01 I: Test suite:0:abs_0 is successful.
2019-03-04T02:22:15+00:00 Mathews-MBP-2.home#01 I: End test suite:0:abs_0.
2019-03-04T02:22:15+00:00 Mathews-MBP-2.home#01 I: Start test suite:2:abs_neg.
2019-03-04T02:22:15+00:00 Mathews-MBP-2.home#01 I: Test suite:2:abs_neg is successful.
2019-03-04T02:22:15+00:00 Mathews-MBP-2.home#01 I: End test suite:2:abs_neg.
2019-03-04T02:22:15+00:00 Mathews-MBP-2.home#01 I: Start test suite:3:add.
2019-03-04T02:22:15+00:00 Mathews-MBP-2.home#01 I: Test suite:3:add is successful.
2019-03-04T02:22:15+00:00 Mathews-MBP-2.home#01 I: End test suite:3:add.
2019-03-04T02:22:15+00:00 Mathews-MBP-2.home#01 I: Start test suite:5:subs.
2019-03-04T02:22:15+00:00 Mathews-MBP-2.home#01 I: Test suite:5:subs is successful.
2019-03-04T02:22:15+00:00 Mathews-MBP-2.home#01 I: End test suite:5:subs.
2019-03-04T02:22:15+00:00 Mathews-MBP-2.home#01 I: Start test suite:7:divs.
2019-03-04T02:22:15+00:00 Mathews-MBP-2.home#01 I: Test suite:7:divs is successful.
2019-03-04T02:22:15+00:00 Mathews-MBP-2.home#01 I: End test suite:7:divs.
2019-03-04T02:22:15+00:00 Mathews-MBP-2.home#01 I: Start test suite:9:lets.
2019-03-04T02:22:15+00:00 Mathews-MBP-2.home#01 I: Test suite:9:lets is successful.
2019-03-04T02:22:15+00:00 Mathews-MBP-2.home#01 I: End test suite:9:lets.
2019-03-04T02:22:15+00:00 Mathews-MBP-2.home#01 I: Start test suite:11:cons_singleton.
2019-03-04T02:22:15+00:00 Mathews-MBP-2.home#01 I: Test suite:11:cons_singleton is successful.
2019-03-04T02:22:15+00:00 Mathews-MBP-2.home#01 I: End test suite:11:cons_singleton.
2019-03-04T02:22:15+00:00 Mathews-MBP-2.home#01 I: Start test suite:13:hd_singleton.
2019-03-04T02:22:15+00:00 Mathews-MBP-2.home#01 I: Test suite:13:hd_singleton is successful.
2019-03-04T02:22:15+00:00 Mathews-MBP-2.home#01 I: End test suite:13:hd_singleton.
2019-03-04T02:22:15+00:00 Mathews-MBP-2.home#01 I: Start test suite:15:tl_singleton.
2019-03-04T02:22:15+00:00 Mathews-MBP-2.home#01 I: Test suite:15:tl_singleton is successful.
2019-03-04T02:22:15+00:00 Mathews-MBP-2.home#01 I: End test suite:15:tl_singleton.
2019-03-04T02:22:15+00:00 Mathews-MBP-2.home#01 I: Start test suite:17:tl_list1.
2019-03-04T02:22:15+00:00 Mathews-MBP-2.home#01 I: Test suite:17:tl_list1 is successful.
2019-03-04T02:22:15+00:00 Mathews-MBP-2.home#01 I: End test suite:17:tl_list1.
2019-03-04T02:22:15+00:00 Mathews-MBP-2.home#01 I: Start test suite:19:null_false.
2019-03-04T02:22:15+00:00 Mathews-MBP-2.home#01 I: Test suite:19:null_false is successful.
2019-03-04T02:22:15+00:00 Mathews-MBP-2.home#01 I: End test suite:19:null_false.
